<?xml version="1.0" encoding="UTF-8"?>
<!-- Generated by org.testng.reporters.JUnitReportReporter -->
<testsuite skipped="0" hostname="user-PC" name="qaclickacademy.com.AppiumTest" tests="2" failures="0" timestamp="28 Feb 2018 11:03:38 GMT" time="0.031" errors="0">
  <testcase name="vikas" time="0.029" classname="qaclickacademy.com.AppiumTest"/>
  <testcase name="vinay" time="0.002" classname="qaclickacademy.com.AppiumTest"/>
</testsuite> <!-- qaclickacademy.com.AppiumTest -->
