<?xml version="1.0" encoding="UTF-8"?>
<!-- Generated by org.testng.reporters.JUnitReportReporter -->
<testsuite skipped="0" hostname="user-PC" name="qaclickacademy.com.SeleniumTest" tests="2" failures="0" timestamp="28 Feb 2018 11:12:43 GMT" time="0.000" errors="0">
  <testcase name="back" time="0.000" classname="qaclickacademy.com.SeleniumTest"/>
  <testcase name="front" time="0.000" classname="qaclickacademy.com.SeleniumTest"/>
</testsuite> <!-- qaclickacademy.com.SeleniumTest -->
