<?xml version="1.0" encoding="UTF-8"?>
<!-- Generated by org.testng.reporters.JUnitReportReporter -->
<testsuite skipped="0" hostname="user-PC" name="qaclickacademy.com.RestAPITest" tests="2" failures="0" timestamp="28 Feb 2018 11:18:42 GMT" time="0.000" errors="0">
  <testcase name="kalpi" time="0.000" classname="qaclickacademy.com.RestAPITest"/>
  <testcase name="kanpur" time="0.000" classname="qaclickacademy.com.RestAPITest"/>
</testsuite> <!-- qaclickacademy.com.RestAPITest -->
