<?xml version="1.0" encoding="UTF-8"?>
<!-- Generated by org.testng.reporters.JUnitReportReporter -->
<testsuite skipped="0" hostname="user-PC" name="qaclickacademy.com.AppiumTest" tests="2" failures="0" timestamp="30 Apr 2018 12:57:09 GMT" time="0.019" errors="0">
  <testcase name="vikas" time="0.019" classname="qaclickacademy.com.AppiumTest"/>
  <testcase name="vinay" time="0.000" classname="qaclickacademy.com.AppiumTest"/>
</testsuite> <!-- qaclickacademy.com.AppiumTest -->
