<?xml version="1.0" encoding="UTF-8"?>
<!-- Generated by org.testng.reporters.JUnitReportReporter -->
<testsuite skipped="0" hostname="user-PC" name="qaclickacademy.com.AppiumTest" tests="2" failures="0" timestamp="28 Feb 2018 11:18:42 GMT" time="0.050" errors="0">
  <testcase name="vikas" time="0.050" classname="qaclickacademy.com.AppiumTest"/>
  <testcase name="vinay" time="0.000" classname="qaclickacademy.com.AppiumTest"/>
</testsuite> <!-- qaclickacademy.com.AppiumTest -->
